This is pdfTeX, Version 3.141592653-2.6-1.40.25 (MiKTeX 24.1) (preloaded format=pdflatex 2025.9.8)  8 SEP 2025 14:45
entering extended mode
 restricted \write18 enabled.
 file:line:error style messages enabled.
 %&-line parsing enabled.
**"c:/Users/ASUS/Documents/SJTU M2/Graduation Project/BloodScan/paper/paper/mai
n.tex"

(c:/Users/ASUS/Documents/SJTU M2/Graduation Project/BloodScan/paper/paper/main.
tex
LaTeX2e <2023-11-01> patch level 1
L3 programming layer <2024-01-04>
(ieeecolor.cls

LaTeX Warning: You have requested document class `ieeecolor',
               but the document class provides `IEEEtran'.

Document Class: IEEEtran 2002/11/18 revision V1.6b by Michael Shell
-- See the "IEEEtran_HOWTO" manual for usage information.
-- The source comments contain changelog notes.
(C:\Users\ASUS\AppData\Local\Programs\MiKTeX\tex/latex/graphics\color.sty
Package: color 2022/01/06 v1.3d Standard LaTeX Color (DPC)

(C:\Users\ASUS\AppData\Local\Programs\MiKTeX\tex/latex/graphics-cfg\color.cfg
File: color.cfg 2016/01/02 v1.6 sample color configuration
)
Package color Info: Driver file: pdftex.def on input line 149.

(C:\Users\ASUS\AppData\Local\Programs\MiKTeX\tex/latex/graphics-def\pdftex.def
File: pdftex.def 2022/09/22 v1.2b Graphics/color driver for pdftex
) (C:\Users\ASUS\AppData\Local\Programs\MiKTeX\tex/latex/graphics\mathcolor.ltx
))
\@draftversionrule=\dimen140
\@IEEEtrantmpdimenA=\dimen141
\@IEEEtrantmpdimenB=\dimen142
\@IEEEtrantmpcountA=\count187
\@IEEEtrantmpcountB=\count188
\@IEEEtrantmptoksA=\toks17
LaTeX Font Info:    Trying to load font information for OT1+ptm on input line 8
34.
 (C:\Users\ASUS\AppData\Local\Programs\MiKTeX\tex/latex/psnfss\ot1ptm.fd
File: ot1ptm.fd 2001/06/04 font definitions for OT1/ptm.
)
\@IEEEnormalsizefontbaselineskip=\skip48

-- This is a 10 point document.
\normalsizebaselineskip=\skip49
\normaljot=\skip50
LaTeX Font Info:    Font shape `OT1/ptm/bx/n' in size <5> not available
(Font)              Font shape `OT1/ptm/b/n' tried instead on input line 1180.
LaTeX Font Info:    Font shape `OT1/ptm/bx/it' in size <5> not available
(Font)              Font shape `OT1/ptm/b/it' tried instead on input line 1180.

LaTeX Font Info:    Font shape `OT1/ptm/bx/n' in size <7> not available
(Font)              Font shape `OT1/ptm/b/n' tried instead on input line 1180.
LaTeX Font Info:    Font shape `OT1/ptm/bx/it' in size <7> not available
(Font)              Font shape `OT1/ptm/b/it' tried instead on input line 1180.

LaTeX Font Info:    Font shape `OT1/ptm/bx/n' in size <8> not available
(Font)              Font shape `OT1/ptm/b/n' tried instead on input line 1180.
LaTeX Font Info:    Font shape `OT1/ptm/bx/it' in size <8> not available
(Font)              Font shape `OT1/ptm/b/it' tried instead on input line 1180.

LaTeX Font Info:    Font shape `OT1/ptm/bx/n' in size <9> not available
(Font)              Font shape `OT1/ptm/b/n' tried instead on input line 1180.
LaTeX Font Info:    Font shape `OT1/ptm/bx/it' in size <9> not available
(Font)              Font shape `OT1/ptm/b/it' tried instead on input line 1180.

LaTeX Font Info:    Font shape `OT1/ptm/bx/n' in size <10> not available
(Font)              Font shape `OT1/ptm/b/n' tried instead on input line 1180.
LaTeX Font Info:    Font shape `OT1/ptm/bx/it' in size <10> not available
(Font)              Font shape `OT1/ptm/b/it' tried instead on input line 1180.

LaTeX Font Info:    Font shape `OT1/ptm/bx/n' in size <11> not available
(Font)              Font shape `OT1/ptm/b/n' tried instead on input line 1180.
LaTeX Font Info:    Font shape `OT1/ptm/bx/it' in size <11> not available
(Font)              Font shape `OT1/ptm/b/it' tried instead on input line 1180.

LaTeX Font Info:    Font shape `OT1/ptm/bx/n' in size <12> not available
(Font)              Font shape `OT1/ptm/b/n' tried instead on input line 1180.
LaTeX Font Info:    Font shape `OT1/ptm/bx/it' in size <12> not available
(Font)              Font shape `OT1/ptm/b/it' tried instead on input line 1180.

LaTeX Font Info:    Font shape `OT1/ptm/bx/n' in size <17> not available
(Font)              Font shape `OT1/ptm/b/n' tried instead on input line 1180.
LaTeX Font Info:    Font shape `OT1/ptm/bx/it' in size <17> not available
(Font)              Font shape `OT1/ptm/b/it' tried instead on input line 1180.

LaTeX Font Info:    Font shape `OT1/ptm/bx/n' in size <20> not available
(Font)              Font shape `OT1/ptm/b/n' tried instead on input line 1180.
LaTeX Font Info:    Font shape `OT1/ptm/bx/it' in size <20> not available
(Font)              Font shape `OT1/ptm/b/it' tried instead on input line 1180.

LaTeX Font Info:    Font shape `OT1/ptm/bx/n' in size <24> not available
(Font)              Font shape `OT1/ptm/b/n' tried instead on input line 1180.
LaTeX Font Info:    Font shape `OT1/ptm/bx/it' in size <24> not available
(Font)              Font shape `OT1/ptm/b/it' tried instead on input line 1180.

\IEEEilabelindentA=\dimen143
\IEEEilabelindentB=\dimen144
\IEEEilabelindent=\dimen145
\IEEEelabelindent=\dimen146
\IEEEdlabelindent=\dimen147
\labelindent=\dimen148
\IEEEiednormlabelsep=\dimen149
\IEEEiedmathlabelsep=\dimen150
\IEEEiedtopsep=\skip51
\c@section=\count189
\c@subsection=\count190
\c@subsubsection=\count191
\c@paragraph=\count192
\c@IEEEsubequation=\count193
\abovecaptionskip=\skip52
\belowcaptionskip=\skip53
\figbox=\box51
\c@figure=\count194
\c@query=\count195
\c@qry=\count196
\c@nquery=\count197
\c@tquery=\count198
\c@equery=\count199
\c@eqry=\count266
\c@edquery=\count267
\c@etquery=\count268
\c@table=\count269
\@IEEEeqnnumcols=\count270
\@IEEEeqncolcnt=\count271
\firstpagerule=\skip54
\logowidth=\skip55
\@IEEEtmpitemindent=\dimen151
\c@biography=\count272
\c@edbiography=\count273
LaTeX Info: Redefining \sf on input line 4870.
\@IEEEtranrubishbin=\box52
) (generic.sty)
(C:\Users\ASUS\AppData\Local\Programs\MiKTeX\tex/latex/cite\cite.sty
LaTeX Info: Redefining \cite on input line 302.
LaTeX Info: Redefining \nocite on input line 332.
Package: cite 2015/02/27  v 5.5
)
(C:\Users\ASUS\AppData\Local\Programs\MiKTeX\tex/latex/amsmath\amsmath.sty
Package: amsmath 2023/05/13 v2.17o AMS math features
\@mathmargin=\skip56

For additional information on amsmath, use the `?' option.
(C:\Users\ASUS\AppData\Local\Programs\MiKTeX\tex/latex/amsmath\amstext.sty
Package: amstext 2021/08/26 v2.01 AMS text

(C:\Users\ASUS\AppData\Local\Programs\MiKTeX\tex/latex/amsmath\amsgen.sty
File: amsgen.sty 1999/11/30 v2.0 generic functions
\@emptytoks=\toks18
\ex@=\dimen152
))
(C:\Users\ASUS\AppData\Local\Programs\MiKTeX\tex/latex/amsmath\amsbsy.sty
Package: amsbsy 1999/11/29 v1.2d Bold Symbols
\pmbraise@=\dimen153
)
(C:\Users\ASUS\AppData\Local\Programs\MiKTeX\tex/latex/amsmath\amsopn.sty
Package: amsopn 2022/04/08 v2.04 operator names
)
\inf@bad=\count274
LaTeX Info: Redefining \frac on input line 234.
\uproot@=\count275
\leftroot@=\count276
LaTeX Info: Redefining \overline on input line 399.
LaTeX Info: Redefining \colon on input line 410.
\classnum@=\count277
\DOTSCASE@=\count278
LaTeX Info: Redefining \ldots on input line 496.
LaTeX Info: Redefining \dots on input line 499.
LaTeX Info: Redefining \cdots on input line 620.
\Mathstrutbox@=\box53
\strutbox@=\box54
LaTeX Info: Redefining \big on input line 722.
LaTeX Info: Redefining \Big on input line 723.
LaTeX Info: Redefining \bigg on input line 724.
LaTeX Info: Redefining \Bigg on input line 725.
\big@size=\dimen154
LaTeX Font Info:    Redeclaring font encoding OML on input line 743.
LaTeX Font Info:    Redeclaring font encoding OMS on input line 744.
\macc@depth=\count279
LaTeX Info: Redefining \bmod on input line 905.
LaTeX Info: Redefining \pmod on input line 910.
LaTeX Info: Redefining \smash on input line 940.
LaTeX Info: Redefining \relbar on input line 970.
LaTeX Info: Redefining \Relbar on input line 971.
\c@MaxMatrixCols=\count280
\dotsspace@=\muskip16
\c@parentequation=\count281
\dspbrk@lvl=\count282
\tag@help=\toks19
\row@=\count283
\column@=\count284
\maxfields@=\count285
\andhelp@=\toks20
\eqnshift@=\dimen155
\alignsep@=\dimen156
\tagshift@=\dimen157
\tagwidth@=\dimen158
\totwidth@=\dimen159
\lineht@=\dimen160
\@envbody=\toks21
\multlinegap=\skip57
\multlinetaggap=\skip58
\mathdisplay@stack=\toks22
LaTeX Info: Redefining \[ on input line 2953.
LaTeX Info: Redefining \] on input line 2954.
)
(C:\Users\ASUS\AppData\Local\Programs\MiKTeX\tex/latex/amsfonts\amssymb.sty
Package: amssymb 2013/01/14 v3.01 AMS font symbols

(C:\Users\ASUS\AppData\Local\Programs\MiKTeX\tex/latex/amsfonts\amsfonts.sty
Package: amsfonts 2013/01/14 v3.01 Basic AMSFonts support
\symAMSa=\mathgroup4
\symAMSb=\mathgroup5
LaTeX Font Info:    Redeclaring math symbol \hbar on input line 98.
LaTeX Font Info:    Overwriting math alphabet `\mathfrak' in version `bold'
(Font)                  U/euf/m/n --> U/euf/b/n on input line 106.
))
(C:\Users\ASUS\AppData\Local\Programs\MiKTeX\tex/latex/algorithms\algorithmic.s
ty
Package: algorithmic 2009/08/24 v0.1 Document Style `algorithmic'
 (C:\Users\ASUS\AppData\Local\Programs\MiKTeX\tex/latex/base\ifthen.sty
Package: ifthen 2022/04/13 v1.1d Standard LaTeX ifthen package (DPC)
)
(C:\Users\ASUS\AppData\Local\Programs\MiKTeX\tex/latex/graphics\keyval.sty
Package: keyval 2022/05/29 v1.15 key=value parser (DPC)
\KV@toks@=\toks23
)
\c@ALC@unique=\count286
\c@ALC@line=\count287
\c@ALC@rem=\count288
\c@ALC@depth=\count289
\ALC@tlm=\skip59
\algorithmicindent=\skip60
)
(C:\Users\ASUS\AppData\Local\Programs\MiKTeX\tex/latex/graphics\graphicx.sty
Package: graphicx 2021/09/16 v1.2d Enhanced LaTeX Graphics (DPC,SPQR)

(C:\Users\ASUS\AppData\Local\Programs\MiKTeX\tex/latex/graphics\graphics.sty
Package: graphics 2022/03/10 v1.4e Standard LaTeX Graphics (DPC,SPQR)

(C:\Users\ASUS\AppData\Local\Programs\MiKTeX\tex/latex/graphics\trig.sty
Package: trig 2021/08/11 v1.11 sin cos tan (DPC)
)
(C:\Users\ASUS\AppData\Local\Programs\MiKTeX\tex/latex/graphics-cfg\graphics.cf
g
File: graphics.cfg 2016/06/04 v1.11 sample graphics configuration
)
Package graphics Info: Driver file: pdftex.def on input line 107.
)
\Gin@req@height=\dimen161
\Gin@req@width=\dimen162
)
(C:\Users\ASUS\AppData\Local\Programs\MiKTeX\tex/latex/algorithms\algorithm.sty
Package: algorithm 2009/08/24 v0.1 Document Style `algorithm' - floating enviro
nment
(C:\Users\ASUS\AppData\Local\Programs\MiKTeX\tex/latex/float\float.sty
Package: float 2001/11/08 v1.3d Float enhancements (AL)
\c@float@type=\count290
\float@exts=\toks24
\float@box=\box55
\@float@everytoks=\toks25
\@floatcapt=\box56
)
\@float@every@algorithm=\toks26
\c@algorithm=\count291
)
(C:\Users\ASUS\AppData\Local\Programs\MiKTeX\tex/latex/hyperref\hyperref.sty
Package: hyperref 2023-11-26 v7.01g Hypertext links for LaTeX

(C:\Users\ASUS\AppData\Local\Programs\MiKTeX\tex/generic/iftex\iftex.sty
Package: iftex 2022/02/03 v1.0f TeX engine tests
)
(C:\Users\ASUS\AppData\Local\Programs\MiKTeX\tex/generic/infwarerr\infwarerr.st
y
Package: infwarerr 2019/12/03 v1.5 Providing info/warning/error messages (HO)
)
(C:\Users\ASUS\AppData\Local\Programs\MiKTeX\tex/latex/kvsetkeys\kvsetkeys.sty
Package: kvsetkeys 2022-10-05 v1.19 Key value parser (HO)
)
(C:\Users\ASUS\AppData\Local\Programs\MiKTeX\tex/generic/kvdefinekeys\kvdefinek
eys.sty
Package: kvdefinekeys 2019-12-19 v1.6 Define keys (HO)
)
(C:\Users\ASUS\AppData\Local\Programs\MiKTeX\tex/generic/pdfescape\pdfescape.st
y
Package: pdfescape 2019/12/09 v1.15 Implements pdfTeX's escape features (HO)
 (C:\Users\ASUS\AppData\Local\Programs\MiKTeX\tex/generic/ltxcmds\ltxcmds.sty
Package: ltxcmds 2023-12-04 v1.26 LaTeX kernel commands for general use (HO)
)
(C:\Users\ASUS\AppData\Local\Programs\MiKTeX\tex/generic/pdftexcmds\pdftexcmds.
sty
Package: pdftexcmds 2020-06-27 v0.33 Utility functions of pdfTeX for LuaTeX (HO
)
Package pdftexcmds Info: \pdf@primitive is available.
Package pdftexcmds Info: \pdf@ifprimitive is available.
Package pdftexcmds Info: \pdfdraftmode found.
))
(C:\Users\ASUS\AppData\Local\Programs\MiKTeX\tex/latex/hycolor\hycolor.sty
Package: hycolor 2020-01-27 v1.10 Color options for hyperref/bookmark (HO)
)
(C:\Users\ASUS\AppData\Local\Programs\MiKTeX\tex/latex/letltxmacro\letltxmacro.
sty
Package: letltxmacro 2019/12/03 v1.6 Let assignment for LaTeX macros (HO)
) (C:\Users\ASUS\AppData\Local\Programs\MiKTeX\tex/latex/auxhook\auxhook.sty
Package: auxhook 2019-12-17 v1.6 Hooks for auxiliary files (HO)
) (C:\Users\ASUS\AppData\Local\Programs\MiKTeX\tex/latex/hyperref\nameref.sty
Package: nameref 2023-11-26 v2.56 Cross-referencing by name of section

(C:\Users\ASUS\AppData\Local\Programs\MiKTeX\tex/latex/refcount\refcount.sty
Package: refcount 2019/12/15 v3.6 Data extraction from label references (HO)
)
(C:\Users\ASUS\AppData\Local\Programs\MiKTeX\tex/generic/gettitlestring\gettitl
estring.sty
Package: gettitlestring 2019/12/15 v1.6 Cleanup title references (HO)

(C:\Users\ASUS\AppData\Local\Programs\MiKTeX\tex/latex/kvoptions\kvoptions.sty
Package: kvoptions 2022-06-15 v3.15 Key value format for package options (HO)
))
\c@section@level=\count292
) (C:\Users\ASUS\AppData\Local\Programs\MiKTeX\tex/latex/etoolbox\etoolbox.sty
Package: etoolbox 2020/10/05 v2.5k e-TeX tools for LaTeX (JAW)
\etb@tempcnta=\count293
)
\@linkdim=\dimen163
\Hy@linkcounter=\count294
\Hy@pagecounter=\count295
 (C:\Users\ASUS\AppData\Local\Programs\MiKTeX\tex/latex/hyperref\pd1enc.def
File: pd1enc.def 2023-11-26 v7.01g Hyperref: PDFDocEncoding definition (HO)
Now handling font encoding PD1 ...
... no UTF-8 mapping file for font encoding PD1
)
(C:\Users\ASUS\AppData\Local\Programs\MiKTeX\tex/generic/intcalc\intcalc.sty
Package: intcalc 2019/12/15 v1.3 Expandable calculations with integers (HO)
)
\Hy@SavedSpaceFactor=\count296

(C:\Users\ASUS\AppData\Local\Programs\MiKTeX\tex/latex/hyperref\puenc.def
File: puenc.def 2023-11-26 v7.01g Hyperref: PDF Unicode definition (HO)
Now handling font encoding PU ...
... no UTF-8 mapping file for font encoding PU
)
Package hyperref Info: Hyper figures OFF on input line 4181.
Package hyperref Info: Link nesting OFF on input line 4186.
Package hyperref Info: Hyper index ON on input line 4189.
Package hyperref Info: Plain pages OFF on input line 4196.
Package hyperref Info: Backreferencing OFF on input line 4201.
Package hyperref Info: Implicit mode ON; LaTeX internals redefined.
Package hyperref Info: Bookmarks ON on input line 4448.
\c@Hy@tempcnt=\count297

(C:\Users\ASUS\AppData\Local\Programs\MiKTeX\tex/latex/url\url.sty
\Urlmuskip=\muskip17
Package: url 2013/09/16  ver 3.4  Verb mode for urls, etc.
)
LaTeX Info: Redefining \url on input line 4786.
\XeTeXLinkMargin=\dimen164

(C:\Users\ASUS\AppData\Local\Programs\MiKTeX\tex/generic/bitset\bitset.sty
Package: bitset 2019/12/09 v1.3 Handle bit-vector datatype (HO)

(C:\Users\ASUS\AppData\Local\Programs\MiKTeX\tex/generic/bigintcalc\bigintcalc.
sty
Package: bigintcalc 2019/12/15 v1.5 Expandable calculations on big integers (HO
)
))
\Fld@menulength=\count298
\Field@Width=\dimen165
\Fld@charsize=\dimen166
Package hyperref Info: Hyper figures OFF on input line 6065.
Package hyperref Info: Link nesting OFF on input line 6070.
Package hyperref Info: Hyper index ON on input line 6073.
Package hyperref Info: backreferencing OFF on input line 6080.
Package hyperref Info: Link coloring OFF on input line 6085.
Package hyperref Info: Link coloring with OCG OFF on input line 6090.
Package hyperref Info: PDF/A mode OFF on input line 6095.

(C:\Users\ASUS\AppData\Local\Programs\MiKTeX\tex/latex/base\atbegshi-ltx.sty
Package: atbegshi-ltx 2021/01/10 v1.0c Emulation of the original atbegshi
package with kernel methods
)
\Hy@abspage=\count299
\c@Item=\count300
\c@Hfootnote=\count301
)
Package hyperref Info: Driver (autodetected): hpdftex.

(C:\Users\ASUS\AppData\Local\Programs\MiKTeX\tex/latex/hyperref\hpdftex.def
File: hpdftex.def 2023-11-26 v7.01g Hyperref driver for pdfTeX

(C:\Users\ASUS\AppData\Local\Programs\MiKTeX\tex/latex/base\atveryend-ltx.sty
Package: atveryend-ltx 2020/08/19 v1.0a Emulation of the original atveryend pac
kage
with kernel methods
)
\Fld@listcount=\count302
\c@bookmark@seq@number=\count303

(C:\Users\ASUS\AppData\Local\Programs\MiKTeX\tex/latex/rerunfilecheck\rerunfile
check.sty
Package: rerunfilecheck 2025-06-21 v1.11 Rerun checks for auxiliary files (HO)

(C:\Users\ASUS\AppData\Local\Programs\MiKTeX\tex/generic/uniquecounter\uniqueco
unter.sty
Package: uniquecounter 2019/12/15 v1.4 Provide unlimited unique counter (HO)
)
Package uniquecounter Info: New unique counter `rerunfilecheck' on input line 2
84.
)
\Hy@SectionHShift=\skip61
)

Package hyperref Warning: Unexpected value for option `hidelinks'
(hyperref)                is ignored on input line 9.

(C:\Users\ASUS\AppData\Local\Programs\MiKTeX\tex/latex/base\textcomp.sty
Package: textcomp 2020/02/02 v2.0n Standard LaTeX package
)
(C:\Users\ASUS\AppData\Local\Programs\MiKTeX\tex/latex/multirow\multirow.sty
Package: multirow 2024/11/12 v2.9 Span multiple rows of a table
\multirow@colwidth=\skip62
\multirow@cntb=\count304
\multirow@dima=\skip63
\bigstrutjot=\dimen167
)
(C:\Users\ASUS\AppData\Local\Programs\MiKTeX\tex/latex/l3backend\l3backend-pdft
ex.def
File: l3backend-pdftex.def 2024-01-04 L3 backend support: PDF output (pdfTeX)
\l__color_backend_stack_int=\count305
\l__pdf_internal_box=\box57
)
(c:\Users\ASUS\Documents\SJTU M2\Graduation Project\BloodScan\paper\paper\paper
\paper\main.aux)
\openout1 = `main.aux'.

LaTeX Font Info:    Checking defaults for OML/cmm/m/it on input line 16.
LaTeX Font Info:    ... okay on input line 16.
LaTeX Font Info:    Checking defaults for OMS/cmsy/m/n on input line 16.
LaTeX Font Info:    ... okay on input line 16.
LaTeX Font Info:    Checking defaults for OT1/cmr/m/n on input line 16.
LaTeX Font Info:    ... okay on input line 16.
LaTeX Font Info:    Checking defaults for T1/cmr/m/n on input line 16.
LaTeX Font Info:    ... okay on input line 16.
LaTeX Font Info:    Checking defaults for TS1/cmr/m/n on input line 16.
LaTeX Font Info:    ... okay on input line 16.
LaTeX Font Info:    Checking defaults for OMX/cmex/m/n on input line 16.
LaTeX Font Info:    ... okay on input line 16.
LaTeX Font Info:    Checking defaults for U/cmr/m/n on input line 16.
LaTeX Font Info:    ... okay on input line 16.
LaTeX Font Info:    Checking defaults for PD1/pdf/m/n on input line 16.
LaTeX Font Info:    ... okay on input line 16.
LaTeX Font Info:    Checking defaults for PU/pdf/m/n on input line 16.
LaTeX Font Info:    ... okay on input line 16.

(C:\Users\ASUS\AppData\Local\Programs\MiKTeX\tex/context/base/mkii\supp-pdf.mki
i
[Loading MPS to PDF converter (version 2006.09.02).]
\scratchcounter=\count306
\scratchdimen=\dimen168
\scratchbox=\box58
\nofMPsegments=\count307
\nofMParguments=\count308
\everyMPshowfont=\toks27
\MPscratchCnt=\count309
\MPscratchDim=\dimen169
\MPnumerator=\count310
\makeMPintoPDFobject=\count311
\everyMPtoPDFconversion=\toks28
)
(C:\Users\ASUS\AppData\Local\Programs\MiKTeX\tex/latex/epstopdf-pkg\epstopdf-ba
se.sty
Package: epstopdf-base 2020-01-24 v2.11 Base part for package epstopdf
Package epstopdf-base Info: Redefining graphics rule for `.eps' on input line 4
85.

(C:\Users\ASUS\AppData\Local\Programs\MiKTeX\tex/latex/00miktex\epstopdf-sys.cf
g
File: epstopdf-sys.cfg 2021/03/18 v2.0 Configuration of epstopdf for MiKTeX
))
Package hyperref Info: Link coloring OFF on input line 16.

(c:\Users\ASUS\Documents\SJTU M2\Graduation Project\BloodScan\paper\paper\paper
\paper\main.out)
(c:\Users\ASUS\Documents\SJTU M2\Graduation Project\BloodScan\paper\paper\paper
\paper\main.out)
\@outlinefile=\write3
\openout3 = `main.out'.

Package color Info: Redefining color nblue on input line 37.
Package color Info: Redefining color mblue on input line 37.
LaTeX Font Info:    Trying to load font information for OT1+phv on input line 3
7.

(C:\Users\ASUS\AppData\Local\Programs\MiKTeX\tex/latex/psnfss\ot1phv.fd
File: ot1phv.fd 2020/03/25 scalable font definitions for OT1/phv.
)
LaTeX Font Info:    Font shape `OT1/phv/m/it' in size <11> not available
(Font)              Font shape `OT1/phv/m/sl' tried instead on input line 37.
Package color Info: Redefining color nblue on input line 37.
Package color Info: Redefining color mblue on input line 37.
LaTeX Font Info:    Trying to load font information for U+msa on input line 37.


(C:\Users\ASUS\AppData\Local\Programs\MiKTeX\tex/latex/amsfonts\umsa.fd
File: umsa.fd 2013/01/14 v3.01 AMS symbols A
)
LaTeX Font Info:    Trying to load font information for U+msb on input line 37.


(C:\Users\ASUS\AppData\Local\Programs\MiKTeX\tex/latex/amsfonts\umsb.fd
File: umsb.fd 2013/01/14 v3.01 AMS symbols B
)
Package color Info: Redefining color nblue on input line 38.
Package color Info: Redefining color mblue on input line 38.
LaTeX Font Info:    Font shape `OT1/phv/b/it' in size <9> not available
(Font)              Font shape `OT1/phv/b/sl' tried instead on input line 38.
Package color Info: Redefining color nblue on input line 61.
Package color Info: Redefining color mblue on input line 61.

Underfull \hbox (badness 1721) in paragraph at lines 61--64
\OT1/phv/b/n/9 saurus can help you find the best stan-dard-ized key-
 []


Underfull \hbox (badness 3039) in paragraph at lines 61--64
\OT1/phv/b/n/9 words to fit your ar-ti-cle. Use the the-saurus ac-cess
 []


Underfull \hbox (badness 1629) in paragraph at lines 61--64
\OT1/phv/b/n/9 re-quest form for free ac-cess to the IEEE The-saurus:
 []

LaTeX Font Info:    Trying to load font information for T1+phv on input line 66
.
(C:\Users\ASUS\AppData\Local\Programs\MiKTeX\tex/latex/psnfss\t1phv.fd
File: t1phv.fd 2020/03/25 scalable font definitions for T1/phv.
)
Underfull \hbox (badness 10000) in paragraph at lines 68--78
[]$
 []


Overfull \hbox (4.59573pt too wide) in paragraph at lines 68--78
[]$
 []


Underfull \hbox (badness 6445) in paragraph at lines 68--78
\OT1/ptm/m/n/10 so you can use it to pre-pare your manuscript. If
 []


Underfull \hbox (badness 10000) in paragraph at lines 68--78
\OT1/ptm/m/n/10 you would pre-fer to use L[]T[]X, down-load IEEE's
 []


Underfull \hbox (badness 1789) in paragraph at lines 68--78
\OT1/ptm/m/n/10 L[]T[]Xstyle and sam-ple files from the same Web page.
 []


Underfull \hbox (badness 6708) in paragraph at lines 68--78
\OT1/ptm/m/n/10 You can also ex-plore us-ing the Over-leaf ed-i-tor at
 []


Underfull \hbox (badness 10000) in paragraph at lines 68--78
[]$
 []


Underfull \hbox (badness 10000) in paragraph at lines 68--78
[]$
 []

LaTeX Font Info:    Font shape `OT1/phv/m/it' in size <10> not available
(Font)              Font shape `OT1/phv/m/sl' tried instead on input line 86.
Package epstopdf Info: Source file: <logo.eps>
(epstopdf)                    date: 2025-09-06 14:22:37
(epstopdf)                    size: 96860 bytes
(epstopdf)             Output file: <logo-eps-converted-to.pdf>
(epstopdf)                    date: 2025-09-08 14:29:38
(epstopdf)                    size: 6716 bytes
(epstopdf)             Command: <miktex-epstopdf --outfile=logo-eps-converted-t
o.pdf logo.eps>
(epstopdf)             \includegraphics on input line 119.
Package epstopdf Info: Output file is already uptodate.
<logo-eps-converted-to.pdf, id=159, 55.20625pt x 34.1275pt>
File: logo-eps-converted-to.pdf Graphic file (type pdf)
<use logo-eps-converted-to.pdf>
Package pdftex.def Info: logo-eps-converted-to.pdf  used on input line 119.
(pdftex.def)             Requested size: 35.88362pt x 22.18259pt.

Overfull \hbox (301.0pt too wide) has occurred while \output is active
[][] 
 []


Underfull \hbox (badness 10000) has occurred while \output is active
[]
 []


Overfull \vbox (22.5621pt too high) has occurred while \output is active []


[1{C:/Users/ASUS/AppData/Local/MiKTeX/fonts/map/pdftex/pdftex.map}{C:/Users/ASU
S/AppData/Local/Programs/MiKTeX/fonts/enc/dvips/base/8r.enc}


 <./logo-eps-converted-to.pdf>]
Package hyperref Info: bookmark level for unknown algorithm defaults to 0 on in
put line 143.
LaTeX Font Info:    Font shape `OT1/phv/m/it' in size <7> not available
(Font)              Font shape `OT1/phv/m/sl' tried instead on input line 160.
LaTeX Font Info:    Trying to load font information for OT1+pcr on input line 1
62.

(C:\Users\ASUS\AppData\Local\Programs\MiKTeX\tex/latex/psnfss\ot1pcr.fd
File: ot1pcr.fd 2001/06/04 font definitions for OT1/pcr.
)
LaTeX Font Info:    Trying to load font information for OMS+pcr on input line 2
04.

(C:\Users\ASUS\AppData\Local\Programs\MiKTeX\tex/latex/psnfss\omspcr.fd
File: omspcr.fd 
)
LaTeX Font Info:    Font shape `OMS/pcr/m/n' in size <9> not available
(Font)              Font shape `OMS/cmsy/m/n' tried instead on input line 204.
LaTeX Font Info:    Font shape `OT1/pcr/m/it' in size <9> not available
(Font)              Font shape `OT1/pcr/m/sl' tried instead on input line 205.

Overfull \hbox (8.91965pt too wide) in paragraph at lines 201--208
 []
 []


Underfull \hbox (badness 10000) in paragraph at lines 201--208

 []

LaTeX Font Info:    Trying to load font information for TS1+ptm on input line 2
14.
(C:\Users\ASUS\AppData\Local\Programs\MiKTeX\tex/latex/psnfss\ts1ptm.fd
File: ts1ptm.fd 2001/06/04 font definitions for TS1/ptm.
)
<fig1.png, id=183, 249.3315pt x 189.22694pt>
File: fig1.png Graphic file (type png)
<use fig1.png>
Package pdftex.def Info: fig1.png  used on input line 243.
(pdftex.def)             Requested size: 252.0pt x 191.25339pt.

Overfull \vbox (5.0pt too high) has occurred while \output is active []

 [2]
Underfull \hbox (badness 10000) in paragraph at lines 262--264
[]\OT1/ptm/m/n/10 IEEE styleguides are avail-able at https://journals.
 []


Underfull \hbox (badness 10000) in paragraph at lines 262--264
\OT1/ptm/m/n/10 ieeeauthorcenter.ieee.org/create-your-ieee-journal-article/
 []

LaTeX Font Info:    Font shape `OT1/phv/m/it' in size <9> not available
(Font)              Font shape `OT1/phv/m/sl' tried instead on input line 274.
\width=\dimen170

Underfull \hbox (badness 2591) in paragraph at lines 319--320
[]\OT1/ptm/m/n/8 1 erg/(G$\OMS/cmsy/m/n/8 ^^A$\OT1/ptm/m/n/8 g) $\OT1/cmr/m/n/8
 =$ \OT1/ptm/m/n/8 1 emu/g $\OMS/cmsy/m/n/8 !$ \OT1/ptm/m/n/8 1
 []


Overfull \hbox (5.0pt too wide) in paragraph at lines 293--353
[][]
 []


Overfull \vbox (5.0pt too high) has occurred while \output is active []

 [3

pdfTeX warning: pdflatex: pop empty color page stack 0


pdfTeX warning: pdflatex: pop empty color page stack 0


pdfTeX warning: pdflatex: pop empty color page stack 0


pdfTeX warning: pdflatex: pop empty color page stack 0


pdfTeX warning: pdflatex: pop empty color page stack 0
 <./fig1.png (PNG copy)>]
Underfull \hbox (badness 2941) in paragraph at lines 403--408
\OT1/ptm/m/n/10 (red/green/blue) and CMYK (cyan/magenta/yellow/black).
 []


Underfull \hbox (badness 2469) in paragraph at lines 409--414
\OT1/ptm/m/n/10 color space. Grayscale im-ages should be sub-mit-ted in
 []


Overfull \vbox (5.0pt too high) has occurred while \output is active []

 [4]
Underfull \hbox (badness 2409) in paragraph at lines 526--533
\OT1/ptm/m/n/10 ci-ta-tion first, fol-lowed by the orig-i-nal foreign-language
 []


Underfull \hbox (badness 10000) in paragraph at lines 526--533
\OT1/ptm/m/n/10 at https://journals.ieeeauthorcenter.ieee.org/create-your-ieee-

 []


Underfull \hbox (badness 10000) in paragraph at lines 526--533
\OT1/ptm/m/n/10 journal-article/create-the-text-of-your-article/ieee-editorial-

 []


Underfull \hbox (badness 4316) in paragraph at lines 547--548
\OT1/ptm/m/n/10 may be sub-mit-ted elec-tron-i-cally on IEEE Schol-arOne
 []


Underfull \hbox (badness 5533) in paragraph at lines 547--548
\OT1/ptm/m/n/10 Manuscripts. You can get help choos-ing the cor-rect
 []


Underfull \hbox (badness 2875) in paragraph at lines 547--548
\OT1/ptm/m/n/10 pub-li-ca-tion for your manuscript as well as find their
 []


Underfull \hbox (badness 10000) in paragraph at lines 547--548
\OT1/ptm/m/n/10 http://www.ieee.org/publications[]standards/publications/
 []


Underfull \hbox (badness 4913) in paragraph at lines 547--548
\OT1/ptm/m/n/10 authors/authors[]submission.html. Once you have cho-sen
 []


Overfull \vbox (5.0pt too high) has occurred while \output is active []

 [5]
Underfull \hbox (badness 2368) in paragraph at lines 617--618
[]\OT1/ptm/m/n/8 W.-K. Chen, \OT1/ptm/m/it/8 Lin-ear Net-works and Sys-tems.\OT
1/ptm/m/n/8 Belmont, CA, USA:
 []


Underfull \hbox (badness 10000) in paragraph at lines 671--672
 []\OT1/ptm/m/n/8 The Ter-a-hertz Wave eBook. ZOmega Ter-a-
 []


Underfull \hbox (badness 10000) in paragraph at lines 671--672
 \OT1/ptm/m/n/8 hertz Corp., 2014. [On-line]. Avail-able: http://dl.z-
 []


Underfull \hbox (badness 10000) in paragraph at lines 671--672
 \OT1/ptm/m/n/8 thz.com/eBook/zomega[]ebook[]pdf[]1206[]sr.pdf. Ac-cessed on:
 []


Underfull \hbox (badness 4429) in paragraph at lines 672--673
 []\OT1/ptm/m/n/8 Philip B. Kur-land and Ralph Lerner, eds., \OT1/ptm/m/it/8 Th
e Founders'
 []


Underfull \hbox (badness 1817) in paragraph at lines 672--673
 \OT1/ptm/m/n/8 Ac-cessed on: Feb. 28, 2010, [On-line] Avail-able: http://press
-
 []


Underfull \hbox (badness 2744) in paragraph at lines 691--697
\OT1/ptm/m/n/10 J.K. Au-thor. (year, month). Ti-tle. pre-sented at ab-brev.
 []


Underfull \hbox (badness 10000) in paragraph at lines 691--697

 []


Underfull \hbox (badness 10000) in paragraph at lines 691--697

 []


Underfull \hbox (badness 10000) in paragraph at lines 704--707

 []


Overfull \vbox (5.0pt too high) has occurred while \output is active []

 [6]
Underfull \hbox (badness 10000) in paragraph at lines 712--713
 \OT1/ptm/m/n/8 http://www.lytera.de/Terahertz[]THz[]Spectroscopy.php?id$\OT1/c
mr/m/n/8 =$\OT1/ptm/m/n/8 home,
 []


Underfull \hbox (badness 1460) in paragraph at lines 845--846
 []\OT1/ptm/m/n/8 T. D'Martin and S. Soares, 2019, ``Code for As-sess-ment of
 []


Overfull \vbox (5.0pt too high) has occurred while \output is active []

 [7]
<a1.png, id=309, 225.84375pt x 282.30469pt>
File: a1.png Graphic file (type png)
<use a1.png>
Package pdftex.def Info: a1.png  used on input line 848.
(pdftex.def)             Requested size: 72.27147pt x 90.33934pt.
File: a1.png Graphic file (type png)
<use a1.png>
Package pdftex.def Info: a1.png  used on input line 848.
(pdftex.def)             Requested size: 72.27147pt x 90.33934pt.
\width=\dimen171
\sepS=\skip64
\sepL=\skip65
\sepY=\skip66
\colw=\skip67
<evaluation.jpg, id=313, 1086.9408pt x 1086.9408pt>
File: evaluation.jpg Graphic file (type jpg)
<use evaluation.jpg>
Package pdftex.def Info: evaluation.jpg  used on input line 942.
(pdftex.def)             Requested size: 70.4pt x 70.39362pt.
File: evaluation.jpg Graphic file (type jpg)
<use evaluation.jpg>
Package pdftex.def Info: evaluation.jpg  used on input line 942.
(pdftex.def)             Requested size: 70.4pt x 70.39362pt.
File: evaluation.jpg Graphic file (type jpg)
<use evaluation.jpg>
Package pdftex.def Info: evaluation.jpg  used on input line 942.
(pdftex.def)             Requested size: 70.4pt x 70.39362pt.
File: evaluation.jpg Graphic file (type jpg)
<use evaluation.jpg>
Package pdftex.def Info: evaluation.jpg  used on input line 942.
(pdftex.def)             Requested size: 70.4pt x 70.39362pt.
File: evaluation.jpg Graphic file (type jpg)
<use evaluation.jpg>
Package pdftex.def Info: evaluation.jpg  used on input line 942.
(pdftex.def)             Requested size: 70.4pt x 70.39362pt.
File: evaluation.jpg Graphic file (type jpg)
<use evaluation.jpg>
Package pdftex.def Info: evaluation.jpg  used on input line 942.
(pdftex.def)             Requested size: 70.4pt x 70.39362pt.
File: evaluation.jpg Graphic file (type jpg)
<use evaluation.jpg>
Package pdftex.def Info: evaluation.jpg  used on input line 942.
(pdftex.def)             Requested size: 70.4pt x 70.39362pt.
File: evaluation.jpg Graphic file (type jpg)
<use evaluation.jpg>
Package pdftex.def Info: evaluation.jpg  used on input line 943.
(pdftex.def)             Requested size: 70.4pt x 70.39362pt.
File: evaluation.jpg Graphic file (type jpg)
<use evaluation.jpg>
Package pdftex.def Info: evaluation.jpg  used on input line 943.
(pdftex.def)             Requested size: 70.4pt x 70.39362pt.
File: evaluation.jpg Graphic file (type jpg)
<use evaluation.jpg>
Package pdftex.def Info: evaluation.jpg  used on input line 943.
(pdftex.def)             Requested size: 70.4pt x 70.39362pt.
File: evaluation.jpg Graphic file (type jpg)
<use evaluation.jpg>
Package pdftex.def Info: evaluation.jpg  used on input line 943.
(pdftex.def)             Requested size: 70.4pt x 70.39362pt.
File: evaluation.jpg Graphic file (type jpg)
<use evaluation.jpg>
Package pdftex.def Info: evaluation.jpg  used on input line 943.
(pdftex.def)             Requested size: 70.4pt x 70.39362pt.
File: evaluation.jpg Graphic file (type jpg)
<use evaluation.jpg>
Package pdftex.def Info: evaluation.jpg  used on input line 943.
(pdftex.def)             Requested size: 70.4pt x 70.39362pt.
File: evaluation.jpg Graphic file (type jpg)
<use evaluation.jpg>
Package pdftex.def Info: evaluation.jpg  used on input line 943.
(pdftex.def)             Requested size: 70.4pt x 70.39362pt.
File: evaluation.jpg Graphic file (type jpg)
<use evaluation.jpg>
Package pdftex.def Info: evaluation.jpg  used on input line 944.
(pdftex.def)             Requested size: 70.4pt x 70.39362pt.
File: evaluation.jpg Graphic file (type jpg)
<use evaluation.jpg>
Package pdftex.def Info: evaluation.jpg  used on input line 944.
(pdftex.def)             Requested size: 70.4pt x 70.39362pt.
File: evaluation.jpg Graphic file (type jpg)
<use evaluation.jpg>
Package pdftex.def Info: evaluation.jpg  used on input line 944.
(pdftex.def)             Requested size: 70.4pt x 70.39362pt.
File: evaluation.jpg Graphic file (type jpg)
<use evaluation.jpg>
Package pdftex.def Info: evaluation.jpg  used on input line 944.
(pdftex.def)             Requested size: 70.4pt x 70.39362pt.
File: evaluation.jpg Graphic file (type jpg)
<use evaluation.jpg>
Package pdftex.def Info: evaluation.jpg  used on input line 944.
(pdftex.def)             Requested size: 70.4pt x 70.39362pt.
File: evaluation.jpg Graphic file (type jpg)
<use evaluation.jpg>
Package pdftex.def Info: evaluation.jpg  used on input line 944.
(pdftex.def)             Requested size: 70.4pt x 70.39362pt.
File: evaluation.jpg Graphic file (type jpg)
<use evaluation.jpg>
Package pdftex.def Info: evaluation.jpg  used on input line 944.
(pdftex.def)             Requested size: 70.4pt x 70.39362pt.
File: evaluation.jpg Graphic file (type jpg)
<use evaluation.jpg>
Package pdftex.def Info: evaluation.jpg  used on input line 945.
(pdftex.def)             Requested size: 70.4pt x 70.39362pt.
File: evaluation.jpg Graphic file (type jpg)
<use evaluation.jpg>
Package pdftex.def Info: evaluation.jpg  used on input line 945.
(pdftex.def)             Requested size: 70.4pt x 70.39362pt.
File: evaluation.jpg Graphic file (type jpg)
<use evaluation.jpg>
Package pdftex.def Info: evaluation.jpg  used on input line 945.
(pdftex.def)             Requested size: 70.4pt x 70.39362pt.
File: evaluation.jpg Graphic file (type jpg)
<use evaluation.jpg>
Package pdftex.def Info: evaluation.jpg  used on input line 945.
(pdftex.def)             Requested size: 70.4pt x 70.39362pt.
File: evaluation.jpg Graphic file (type jpg)
<use evaluation.jpg>
Package pdftex.def Info: evaluation.jpg  used on input line 945.
(pdftex.def)             Requested size: 70.4pt x 70.39362pt.
File: evaluation.jpg Graphic file (type jpg)
<use evaluation.jpg>
Package pdftex.def Info: evaluation.jpg  used on input line 945.
(pdftex.def)             Requested size: 70.4pt x 70.39362pt.
File: evaluation.jpg Graphic file (type jpg)
<use evaluation.jpg>
Package pdftex.def Info: evaluation.jpg  used on input line 945.
(pdftex.def)             Requested size: 70.4pt x 70.39362pt.
\width=\dimen172

Overfull \vbox (5.0pt too high) has occurred while \output is active []

 [8

 <./a1.png>]
Overfull \vbox (5.0pt too high) has occurred while \output is active []

 [9 <./evaluation.jpg>]
(c:\Users\ASUS\Documents\SJTU M2\Graduation Project\BloodScan\paper\paper\paper
\paper\main.aux)
 ***********
LaTeX2e <2023-11-01> patch level 1
L3 programming layer <2024-01-04>
 ***********
Package rerunfilecheck Info: File `main.out' has not changed.
(rerunfilecheck)             Checksum: 83BEC64519414DD5122A1A7B1AB62409;6353.
 ) 
Here is how much of TeX's memory you used:
 11467 strings out of 474486
 178223 string characters out of 5744228
 1959542 words of memory out of 5000000
 33410 multiletter control sequences out of 15000+600000
 646269 words of font info for 178 fonts, out of 8000000 for 9000
 1141 hyphenation exceptions out of 8191
 75i,19n,79p,827b,524s stack positions out of 10000i,1000n,20000p,200000b,200000s
<C:/Users/ASUS/AppData/Local/Programs/MiKTeX/fonts/type1/public/amsfonts/cm/c
mbx10.pfb><C:/Users/ASUS/AppData/Local/Programs/MiKTeX/fonts/type1/public/amsfo
nts/cm/cmbx7.pfb><C:/Users/ASUS/AppData/Local/Programs/MiKTeX/fonts/type1/publi
c/amsfonts/cm/cmex10.pfb><C:/Users/ASUS/AppData/Local/Programs/MiKTeX/fonts/typ
e1/public/amsfonts/cm/cmmi10.pfb><C:/Users/ASUS/AppData/Local/Programs/MiKTeX/f
onts/type1/public/amsfonts/cm/cmmi5.pfb><C:/Users/ASUS/AppData/Local/Programs/M
iKTeX/fonts/type1/public/amsfonts/cm/cmmi6.pfb><C:/Users/ASUS/AppData/Local/Pro
grams/MiKTeX/fonts/type1/public/amsfonts/cm/cmmi7.pfb><C:/Users/ASUS/AppData/Lo
cal/Programs/MiKTeX/fonts/type1/public/amsfonts/cm/cmmi8.pfb><C:/Users/ASUS/App
Data/Local/Programs/MiKTeX/fonts/type1/public/amsfonts/cm/cmr10.pfb><C:/Users/A
SUS/AppData/Local/Programs/MiKTeX/fonts/type1/public/amsfonts/cm/cmr6.pfb><C:/U
sers/ASUS/AppData/Local/Programs/MiKTeX/fonts/type1/public/amsfonts/cm/cmr7.pfb
><C:/Users/ASUS/AppData/Local/Programs/MiKTeX/fonts/type1/public/amsfonts/cm/cm
r8.pfb><C:/Users/ASUS/AppData/Local/Programs/MiKTeX/fonts/type1/public/amsfonts
/cm/cmsy10.pfb><C:/Users/ASUS/AppData/Local/Programs/MiKTeX/fonts/type1/public/
amsfonts/cm/cmsy6.pfb><C:/Users/ASUS/AppData/Local/Programs/MiKTeX/fonts/type1/
public/amsfonts/cm/cmsy7.pfb><C:/Users/ASUS/AppData/Local/Programs/MiKTeX/fonts
/type1/public/amsfonts/cm/cmsy8.pfb><C:/Users/ASUS/AppData/Local/Programs/MiKTe
X/fonts/type1/public/amsfonts/cm/cmsy9.pfb><C:/Users/ASUS/AppData/Local/Program
s/MiKTeX/fonts/type1/public/amsfonts/symbols/msam10.pfb><C:/Users/ASUS/AppData/
Local/Programs/MiKTeX/fonts/type1/public/amsfonts/symbols/msbm10.pfb><C:/Users/
ASUS/AppData/Local/Programs/MiKTeX/fonts/type1/urw/courier/ucrr8a.pfb><C:/Users
/ASUS/AppData/Local/Programs/MiKTeX/fonts/type1/urw/courier/ucrro8a.pfb><C:/Use
rs/ASUS/AppData/Local/Programs/MiKTeX/fonts/type1/urw/helvetic/uhvb8a.pfb><C:/U
sers/ASUS/AppData/Local/Programs/MiKTeX/fonts/type1/urw/helvetic/uhvbo8a.pfb><C
:/Users/ASUS/AppData/Local/Programs/MiKTeX/fonts/type1/urw/helvetic/uhvr8a.pfb>
<C:/Users/ASUS/AppData/Local/Programs/MiKTeX/fonts/type1/urw/helvetic/uhvro8a.p
fb><C:/Users/ASUS/AppData/Local/Programs/MiKTeX/fonts/type1/urw/times/utmb8a.pf
b><C:/Users/ASUS/AppData/Local/Programs/MiKTeX/fonts/type1/urw/times/utmr8a.pfb
><C:/Users/ASUS/AppData/Local/Programs/MiKTeX/fonts/type1/urw/times/utmri8a.pfb
>
Output written on "c:\Users\ASUS\Documents\SJTU M2\Graduation Project\BloodScan
\paper\paper\paper\paper\main.pdf" (9 pages, 589527 bytes).
PDF statistics:
 528 PDF objects out of 1000 (max. 8388607)
 130 named destinations out of 1000 (max. 500000)
 505 words of extra memory for PDF output out of 10000 (max. 10000000)

