\BOOKMARK [1][-]{section.1}{\376\377\000I\000n\000t\000r\000o\000d\000u\000c\000t\000i\000o\000n}{}% 1
\BOOKMARK [2][-]{subsection.1.1}{\376\377\000A\000b\000b\000r\000e\000v\000i\000a\000t\000i\000o\000n\000s\000\040\000a\000n\000d\000\040\000A\000c\000r\000o\000n\000y\000m\000s}{section.1}% 2
\BOOKMARK [2][-]{subsection.1.2}{\376\377\000O\000t\000h\000e\000r\000\040\000R\000e\000c\000o\000m\000m\000e\000n\000d\000a\000t\000i\000o\000n\000s}{section.1}% 3
\BOOKMARK [2][-]{subsection.1.3}{\376\377\000E\000q\000u\000a\000t\000i\000o\000n\000s}{section.1}% 4
\BOOKMARK [2][-]{subsection.1.4}{\376\377\000A\000l\000g\000o\000r\000i\000t\000h\000m\000s}{section.1}% 5
\BOOKMARK [2][-]{subsection.1.5}{\376\377\000L\000a\000T\000e\000X\000-\000S\000p\000e\000c\000i\000f\000i\000c\000\040\000A\000d\000v\000i\000c\000e}{section.1}% 6
\BOOKMARK [1][-]{section.2}{\376\377\000U\000n\000i\000t\000s}{}% 7
\BOOKMARK [1][-]{section.3}{\376\377\000S\000o\000m\000e\000\040\000C\000o\000m\000m\000o\000n\000\040\000M\000i\000s\000t\000a\000k\000e\000s}{}% 8
\BOOKMARK [1][-]{section.4}{\376\377\000G\000u\000i\000d\000e\000l\000i\000n\000e\000s\000\040\000f\000o\000r\000\040\000G\000r\000a\000p\000h\000i\000c\000s\000\040\000P\000r\000e\000p\000a\000r\000a\000t\000i\000o\000n\000\040\000a\000n\000d\000\040\000S\000u\000b\000m\000i\000s\000s\000i\000o\000n}{}% 9
\BOOKMARK [2][-]{subsection.4.1}{\376\377\000T\000y\000p\000e\000s\000\040\000o\000f\000\040\000G\000r\000a\000p\000h\000i\000c\000s}{section.4}% 10
\BOOKMARK [3][-]{subsubsection.4.1.1}{\376\377\000C\000o\000l\000o\000r\000/\000G\000r\000a\000y\000s\000c\000a\000l\000e\000\040\000f\000i\000g\000u\000r\000e\000s}{subsection.4.1}% 11
\BOOKMARK [3][-]{subsubsection.4.1.2}{\376\377\000L\000i\000n\000e\000\040\000A\000r\000t\000\040\000f\000i\000g\000u\000r\000e\000s}{subsection.4.1}% 12
\BOOKMARK [3][-]{subsubsection.4.1.3}{\376\377\000A\000u\000t\000h\000o\000r\000\040\000p\000h\000o\000t\000o\000s}{subsection.4.1}% 13
\BOOKMARK [3][-]{subsubsection.4.1.4}{\376\377\000T\000a\000b\000l\000e\000s}{subsection.4.1}% 14
\BOOKMARK [2][-]{subsection.4.2}{\376\377\000M\000u\000l\000t\000i\000p\000a\000r\000t\000\040\000f\000i\000g\000u\000r\000e\000s}{section.4}% 15
\BOOKMARK [2][-]{subsection.4.3}{\376\377\000F\000i\000l\000e\000\040\000F\000o\000r\000m\000a\000t\000s\000\040\000F\000o\000r\000\040\000G\000r\000a\000p\000h\000i\000c\000s}{section.4}% 16
\BOOKMARK [2][-]{subsection.4.4}{\376\377\000S\000i\000z\000i\000n\000g\000\040\000o\000f\000\040\000G\000r\000a\000p\000h\000i\000c\000s}{section.4}% 17
\BOOKMARK [2][-]{subsection.4.5}{\376\377\000R\000e\000s\000o\000l\000u\000t\000i\000o\000n\000\040}{section.4}% 18
\BOOKMARK [2][-]{subsection.4.6}{\376\377\000V\000e\000c\000t\000o\000r\000\040\000A\000r\000t}{section.4}% 19
\BOOKMARK [2][-]{subsection.4.7}{\376\377\000C\000o\000l\000o\000r\000\040\000S\000p\000a\000c\000e}{section.4}% 20
\BOOKMARK [2][-]{subsection.4.8}{\376\377\000A\000c\000c\000e\000p\000t\000e\000d\000\040\000F\000o\000n\000t\000s\000\040\000W\000i\000t\000h\000i\000n\000\040\000F\000i\000g\000u\000r\000e\000s}{section.4}% 21
\BOOKMARK [2][-]{subsection.4.9}{\376\377\000U\000s\000i\000n\000g\000\040\000L\000a\000b\000e\000l\000s\000\040\000W\000i\000t\000h\000i\000n\000\040\000F\000i\000g\000u\000r\000e\000s}{section.4}% 22
\BOOKMARK [3][-]{subsubsection.4.9.1}{\376\377\000F\000i\000g\000u\000r\000e\000\040\000A\000x\000i\000s\000\040\000l\000a\000b\000e\000l\000s\000\040}{subsection.4.9}% 23
\BOOKMARK [3][-]{subsubsection.4.9.2}{\376\377\000S\000u\000b\000f\000i\000g\000u\000r\000e\000\040\000L\000a\000b\000e\000l\000s\000\040\000i\000n\000\040\000M\000u\000l\000t\000i\000p\000a\000r\000t\000\040\000F\000i\000g\000u\000r\000e\000s\000\040\000a\000n\000d\000\040\000T\000a\000b\000l\000e\000s}{subsection.4.9}% 24
\BOOKMARK [2][-]{subsection.4.10}{\376\377\000F\000i\000l\000e\000\040\000N\000a\000m\000i\000n\000g}{section.4}% 25
\BOOKMARK [2][-]{subsection.4.11}{\376\377\000R\000e\000f\000e\000r\000e\000n\000c\000i\000n\000g\000\040\000a\000\040\000F\000i\000g\000u\000r\000e\000\040\000o\000r\000\040\000T\000a\000b\000l\000e\000\040\000W\000i\000t\000h\000i\000n\000\040\000Y\000o\000u\000r\000\040\000P\000a\000p\000e\000r}{section.4}% 26
\BOOKMARK [2][-]{subsection.4.12}{\376\377\000S\000u\000b\000m\000i\000t\000t\000i\000n\000g\000\040\000Y\000o\000u\000r\000\040\000G\000r\000a\000p\000h\000i\000c\000s}{section.4}% 27
\BOOKMARK [2][-]{subsection.4.13}{\376\377\000C\000o\000l\000o\000r\000\040\000P\000r\000o\000c\000e\000s\000s\000i\000n\000g\000/\000P\000r\000i\000n\000t\000i\000n\000g\000\040\000i\000n\000\040\000I\000E\000E\000E\000\040\000J\000o\000u\000r\000n\000a\000l\000s}{section.4}% 28
\BOOKMARK [1][-]{section.5}{\376\377\000C\000o\000n\000c\000l\000u\000s\000i\000o\000n}{}% 29
\BOOKMARK [2][-]{subsection.Appendix..1}{\376\377\000R\000e\000f\000e\000r\000e\000n\000c\000e\000s}{section.5}% 30
\BOOKMARK [2][-]{subsection.Appendix..2}{\376\377\000F\000o\000o\000t\000n\000o\000t\000e\000s}{section.5}% 31
\BOOKMARK [2][-]{subsection.Appendix..3}{\376\377\000R\000e\000v\000i\000e\000w\000\040\000S\000t\000a\000g\000e\000\040\000U\000s\000i\000n\000g\000\040\000I\000E\000E\000E\000\040\000S\000c\000h\000o\000l\000a\000r\000O\000n\000e\000\040\000M\000a\000n\000u\000s\000c\000r\000i\000p\000t\000s}{section.5}% 32
\BOOKMARK [2][-]{subsection.Appendix..4}{\376\377\000F\000i\000n\000a\000l\000\040\000S\000t\000a\000g\000e\000\040\000U\000s\000i\000n\000g\000\040\000I\000E\000E\000E\000\040\000S\000c\000h\000o\000l\000a\000r\000O\000n\000e\000\040\000M\000a\000n\000u\000s\000c\000r\000i\000p\000t\000s}{section.5}% 33
\BOOKMARK [2][-]{subsection.Appendix..5}{\376\377\000C\000o\000p\000y\000r\000i\000g\000h\000t\000\040\000F\000o\000r\000m}{section.5}% 34
\BOOKMARK [1][-]{biography.0}{\376\377\000B\000i\000o\000g\000r\000a\000p\000h\000i\000e\000s}{}% 35
\BOOKMARK [2][-]{biography.1}{\376\377\000F\000i\000r\000s\000t\000\040\000A\000.\000\040\000A\000u\000t\000h\000o\000r}{biography.0}% 36
\BOOKMARK [2][-]{biography.2}{\376\377\000S\000e\000c\000o\000n\000d\000\040\000B\000.\000\040\000A\000u\000t\000h\000o\000r\000,}{biography.0}% 37
\BOOKMARK [2][-]{biography.3}{\376\377\000T\000h\000i\000r\000d\000\040\000C\000.\000\040\000A\000u\000t\000h\000o\000r\000\040\000J\000r\000.}{biography.0}% 38
